build/app/intermediates/manifest_merge_blame_file/release/manifest-merger-blame-release-report.txt
1<?xml version="1.0" encoding="utf-8"?>
2<manifest xmlns:android="http://schemas.android.com/apk/res/android"
3    package="com.kzn.chitcute"
4    android:versionCode="1"
5    android:versionName="1.0.0" >
6
7    <uses-sdk
8        android:minSdkVersion="21"
8-->src/main/AndroidManifest.xml
9        android:targetSdkVersion="30" />
9-->src/main/AndroidManifest.xml
10
11    <uses-permission android:name="android.permission.INTERNET" />
11-->[:firebase_messaging] AndroidManifest.xml:7:5-67
11-->[:firebase_messaging] AndroidManifest.xml:7:22-64
12    <uses-permission android:name="android.permission.WAKE_LOCK" />
12-->[:firebase_messaging] AndroidManifest.xml:8:5-68
12-->[:firebase_messaging] AndroidManifest.xml:8:22-65
13    <uses-permission android:name="android.permission.ACCESS_NETWORK_STATE" />
13-->[:firebase_messaging] AndroidManifest.xml:9:5-79
13-->[:firebase_messaging] AndroidManifest.xml:9:22-76
14    <uses-permission android:name="android.permission.RECEIVE_BOOT_COMPLETED" />
14-->[:flutter_local_notifications] AndroidManifest.xml:7:5-81
14-->[:flutter_local_notifications] AndroidManifest.xml:7:22-78
15    <uses-permission android:name="android.permission.VIBRATE" />
15-->[:flutter_local_notifications] AndroidManifest.xml:8:5-66
15-->[:flutter_local_notifications] AndroidManifest.xml:8:22-63
16    <uses-permission android:name="android.permission.USE_FULL_SCREEN_INTENT" />
16-->[:flutter_local_notifications] AndroidManifest.xml:9:5-81
16-->[:flutter_local_notifications] AndroidManifest.xml:9:22-78
17    <uses-permission android:name="android.permission.SCHEDULE_EXACT_ALARM" />
17-->[:flutter_local_notifications] AndroidManifest.xml:10:5-79
17-->[:flutter_local_notifications] AndroidManifest.xml:10:22-76
18
19    <queries>
19-->[com.google.firebase:firebase-inappmessaging-display:20.1.1] AndroidManifest.xml:14:5-20:15
20        <intent>
20-->[com.google.firebase:firebase-inappmessaging-display:20.1.1] AndroidManifest.xml:15:9-19:18
21            <action android:name="android.intent.action.VIEW" />
21-->[com.google.firebase:firebase-inappmessaging-display:20.1.1] AndroidManifest.xml:16:13-65
21-->[com.google.firebase:firebase-inappmessaging-display:20.1.1] AndroidManifest.xml:16:21-62
22
23            <data android:scheme="https" />
23-->[com.google.firebase:firebase-inappmessaging-display:20.1.1] AndroidManifest.xml:18:13-44
23-->[com.google.firebase:firebase-inappmessaging-display:20.1.1] AndroidManifest.xml:18:19-41
24        </intent>
25    </queries> <!-- Required by older versions of Google Play services to create IID tokens -->
26    <uses-permission android:name="com.google.android.c2dm.permission.RECEIVE" />
26-->[com.google.firebase:firebase-messaging:23.0.0] AndroidManifest.xml:25:5-82
26-->[com.google.firebase:firebase-messaging:23.0.0] AndroidManifest.xml:25:22-79
27    <uses-permission android:name="com.google.android.finsky.permission.BIND_GET_INSTALL_REFERRER_SERVICE" />
27-->[com.google.android.gms:play-services-measurement:20.0.0] AndroidManifest.xml:26:5-110
27-->[com.google.android.gms:play-services-measurement:20.0.0] AndroidManifest.xml:26:22-107
28
29    <application
29-->src/main/AndroidManifest.xml:3:4-40:19
30        android:appComponentFactory="androidx.core.app.CoreComponentFactory"
30-->[androidx.core:core:1.3.0] AndroidManifest.xml:24:18-86
31        android:icon="@mipmap/ic_launcher"
31-->src/main/AndroidManifest.xml:5:9-43
32        android:label="Chit Cute" >
32-->src/main/AndroidManifest.xml:4:9-34
33        <activity
33-->src/main/AndroidManifest.xml:6:9-34:20
34            android:name="com.kzn.chitcute.MainActivity"
34-->src/main/AndroidManifest.xml:7:13-41
35            android:configChanges="orientation|keyboardHidden|keyboard|screenSize|smallestScreenSize|locale|layoutDirection|fontScale|screenLayout|density|uiMode"
35-->src/main/AndroidManifest.xml:10:13-163
36            android:hardwareAccelerated="true"
36-->src/main/AndroidManifest.xml:11:13-47
37            android:launchMode="singleTop"
37-->src/main/AndroidManifest.xml:8:13-43
38            android:theme="@style/LaunchTheme"
38-->src/main/AndroidManifest.xml:9:13-47
39            android:windowSoftInputMode="adjustResize" >
39-->src/main/AndroidManifest.xml:12:13-55
40
41            <!--
42                 Specifies an Android theme to apply to this Activity as soon as
43                 the Android process has started. This theme is visible to the user
44                 while the Flutter UI initializes. After that, this theme continues
45                 to determine the Window background behind the Flutter UI.
46            -->
47            <meta-data
47-->src/main/AndroidManifest.xml:17:13-20:17
48                android:name="io.flutter.embedding.android.NormalTheme"
48-->src/main/AndroidManifest.xml:18:15-70
49                android:resource="@style/NormalTheme" />
49-->src/main/AndroidManifest.xml:19:15-52
50            <!--
51                 Displays an Android View that continues showing the launch screen
52                 Drawable until Flutter paints its first frame, then this splash
53                 screen fades out. A splash screen is useful to avoid any visual
54                 gap between the end of Android's launch screen and the painting of
55                 Flutter's first frame.
56            -->
57            <meta-data
57-->src/main/AndroidManifest.xml:26:13-29:17
58                android:name="io.flutter.embedding.android.SplashScreenDrawable"
58-->src/main/AndroidManifest.xml:27:15-79
59                android:resource="@drawable/launch_background" />
59-->src/main/AndroidManifest.xml:28:15-61
60
61            <intent-filter>
61-->src/main/AndroidManifest.xml:30:13-33:29
62                <action android:name="android.intent.action.MAIN" />
62-->src/main/AndroidManifest.xml:31:17-68
62-->src/main/AndroidManifest.xml:31:25-66
63
64                <category android:name="android.intent.category.LAUNCHER" />
64-->src/main/AndroidManifest.xml:32:17-76
64-->src/main/AndroidManifest.xml:32:27-74
65            </intent-filter>
66        </activity>
67        <!--
68             Don't delete the meta-data below.
69             This is used by the Flutter tool to generate GeneratedPluginRegistrant.java
70        -->
71        <meta-data
71-->src/main/AndroidManifest.xml:37:9-39:33
72            android:name="flutterEmbedding"
72-->src/main/AndroidManifest.xml:38:13-44
73            android:value="2" />
73-->src/main/AndroidManifest.xml:39:13-30
74
75        <service
75-->[:cloud_firestore] AndroidManifest.xml:8:9-12:19
76            android:name="com.google.firebase.components.ComponentDiscoveryService"
76-->[:cloud_firestore] AndroidManifest.xml:8:18-89
77            android:directBootAware="true"
77-->[com.google.firebase:firebase-common:20.0.0] AndroidManifest.xml:35:13-43
78            android:exported="false" >
78-->[com.google.firebase:firebase-inappmessaging-display:20.1.1] AndroidManifest.xml:25:13-37
79            <meta-data
79-->[:cloud_firestore] AndroidManifest.xml:9:13-11:85
80                android:name="com.google.firebase.components:io.flutter.plugins.firebase.firestore.FlutterFirebaseFirestoreRegistrar"
80-->[:cloud_firestore] AndroidManifest.xml:10:17-134
81                android:value="com.google.firebase.components.ComponentRegistrar" />
81-->[:cloud_firestore] AndroidManifest.xml:11:17-82
82            <meta-data
82-->[:firebase_auth] AndroidManifest.xml:9:13-11:85
83                android:name="com.google.firebase.components:io.flutter.plugins.firebase.auth.FlutterFirebaseAuthRegistrar"
83-->[:firebase_auth] AndroidManifest.xml:10:17-124
84                android:value="com.google.firebase.components.ComponentRegistrar" />
84-->[:firebase_auth] AndroidManifest.xml:11:17-82
85            <meta-data
85-->[:firebase_storage] AndroidManifest.xml:9:13-11:85
86                android:name="com.google.firebase.components:io.flutter.plugins.firebase.storage.FlutterFirebaseAppRegistrar"
86-->[:firebase_storage] AndroidManifest.xml:10:17-126
87                android:value="com.google.firebase.components.ComponentRegistrar" />
87-->[:firebase_storage] AndroidManifest.xml:11:17-82
88            <meta-data
88-->[:firebase_messaging] AndroidManifest.xml:34:13-36:85
89                android:name="com.google.firebase.components:io.flutter.plugins.firebase.messaging.FlutterFirebaseAppRegistrar"
89-->[:firebase_messaging] AndroidManifest.xml:35:17-128
90                android:value="com.google.firebase.components.ComponentRegistrar" />
90-->[:firebase_messaging] AndroidManifest.xml:36:17-82
91            <meta-data
91-->[:firebase_core] AndroidManifest.xml:9:13-11:85
92                android:name="com.google.firebase.components:io.flutter.plugins.firebase.core.FlutterFirebaseCoreRegistrar"
92-->[:firebase_core] AndroidManifest.xml:10:17-124
93                android:value="com.google.firebase.components.ComponentRegistrar" />
93-->[:firebase_core] AndroidManifest.xml:11:17-82
94            <meta-data
94-->[com.google.firebase:firebase-inappmessaging-display:20.1.1] AndroidManifest.xml:26:13-28:85
95                android:name="com.google.firebase.components:com.google.firebase.inappmessaging.display.FirebaseInAppMessagingDisplayRegistrar"
95-->[com.google.firebase:firebase-inappmessaging-display:20.1.1] AndroidManifest.xml:27:17-144
96                android:value="com.google.firebase.components.ComponentRegistrar" />
96-->[com.google.firebase:firebase-inappmessaging-display:20.1.1] AndroidManifest.xml:28:17-82
97            <meta-data
97-->[com.google.firebase:firebase-messaging:23.0.0] AndroidManifest.xml:52:13-54:85
98                android:name="com.google.firebase.components:com.google.firebase.messaging.FirebaseMessagingRegistrar"
98-->[com.google.firebase:firebase-messaging:23.0.0] AndroidManifest.xml:53:17-119
99                android:value="com.google.firebase.components.ComponentRegistrar" />
99-->[com.google.firebase:firebase-messaging:23.0.0] AndroidManifest.xml:54:17-82
100            <meta-data
100-->[com.google.firebase:firebase-inappmessaging:20.1.1] AndroidManifest.xml:17:13-19:85
101                android:name="com.google.firebase.components:com.google.firebase.inappmessaging.FirebaseInAppMessagingRegistrar"
101-->[com.google.firebase:firebase-inappmessaging:20.1.1] AndroidManifest.xml:18:17-129
102                android:value="com.google.firebase.components.ComponentRegistrar" />
102-->[com.google.firebase:firebase-inappmessaging:20.1.1] AndroidManifest.xml:19:17-82
103            <meta-data
103-->[com.google.firebase:firebase-datatransport:18.1.0] AndroidManifest.xml:28:13-30:85
104                android:name="com.google.firebase.components:com.google.firebase.datatransport.TransportRegistrar"
104-->[com.google.firebase:firebase-datatransport:18.1.0] AndroidManifest.xml:29:17-115
105                android:value="com.google.firebase.components.ComponentRegistrar" />
105-->[com.google.firebase:firebase-datatransport:18.1.0] AndroidManifest.xml:30:17-82
106            <meta-data
106-->[com.google.firebase:firebase-auth:21.0.1] AndroidManifest.xml:77:13-79:85
107                android:name="com.google.firebase.components:com.google.firebase.auth.FirebaseAuthRegistrar"
107-->[com.google.firebase:firebase-auth:21.0.1] AndroidManifest.xml:78:17-109
108                android:value="com.google.firebase.components.ComponentRegistrar" />
108-->[com.google.firebase:firebase-auth:21.0.1] AndroidManifest.xml:79:17-82
109            <meta-data
109-->[com.google.firebase:firebase-firestore:24.0.0] AndroidManifest.xml:20:13-22:85
110                android:name="com.google.firebase.components:com.google.firebase.firestore.FirestoreRegistrar"
110-->[com.google.firebase:firebase-firestore:24.0.0] AndroidManifest.xml:21:17-111
111                android:value="com.google.firebase.components.ComponentRegistrar" />
111-->[com.google.firebase:firebase-firestore:24.0.0] AndroidManifest.xml:22:17-82
112            <meta-data
112-->[com.google.firebase:firebase-storage:20.0.0] AndroidManifest.xml:33:13-35:85
113                android:name="com.google.firebase.components:com.google.firebase.storage.StorageRegistrar"
113-->[com.google.firebase:firebase-storage:20.0.0] AndroidManifest.xml:34:17-107
114                android:value="com.google.firebase.components.ComponentRegistrar" />
114-->[com.google.firebase:firebase-storage:20.0.0] AndroidManifest.xml:35:17-82
115            <meta-data
115-->[com.google.android.gms:play-services-measurement-api:20.0.0] AndroidManifest.xml:30:13-32:85
116                android:name="com.google.firebase.components:com.google.firebase.analytics.connector.internal.AnalyticsConnectorRegistrar"
116-->[com.google.android.gms:play-services-measurement-api:20.0.0] AndroidManifest.xml:31:17-139
117                android:value="com.google.firebase.components.ComponentRegistrar" />
117-->[com.google.android.gms:play-services-measurement-api:20.0.0] AndroidManifest.xml:32:17-82
118            <meta-data
118-->[com.google.firebase:firebase-installations:17.0.0] AndroidManifest.xml:18:13-20:85
119                android:name="com.google.firebase.components:com.google.firebase.installations.FirebaseInstallationsRegistrar"
119-->[com.google.firebase:firebase-installations:17.0.0] AndroidManifest.xml:19:17-127
120                android:value="com.google.firebase.components.ComponentRegistrar" />
120-->[com.google.firebase:firebase-installations:17.0.0] AndroidManifest.xml:20:17-82
121            <meta-data
121-->[com.google.firebase:firebase-abt:21.0.0] AndroidManifest.xml:13:13-15:85
122                android:name="com.google.firebase.components:com.google.firebase.abt.component.AbtRegistrar"
122-->[com.google.firebase:firebase-abt:21.0.0] AndroidManifest.xml:14:17-109
123                android:value="com.google.firebase.components.ComponentRegistrar" />
123-->[com.google.firebase:firebase-abt:21.0.0] AndroidManifest.xml:15:17-82
124        </service>
125        <service
125-->[:firebase_messaging] AndroidManifest.xml:12:9-15:72
126            android:name="io.flutter.plugins.firebase.messaging.FlutterFirebaseMessagingBackgroundService"
126-->[:firebase_messaging] AndroidManifest.xml:13:13-107
127            android:exported="false"
127-->[:firebase_messaging] AndroidManifest.xml:14:13-37
128            android:permission="android.permission.BIND_JOB_SERVICE" />
128-->[:firebase_messaging] AndroidManifest.xml:15:13-69
129        <service
129-->[:firebase_messaging] AndroidManifest.xml:16:9-22:19
130            android:name="io.flutter.plugins.firebase.messaging.FlutterFirebaseMessagingService"
130-->[:firebase_messaging] AndroidManifest.xml:17:13-97
131            android:exported="false" >
131-->[:firebase_messaging] AndroidManifest.xml:18:13-37
132            <intent-filter>
132-->[:firebase_messaging] AndroidManifest.xml:19:13-21:29
133                <action android:name="com.google.firebase.MESSAGING_EVENT" />
133-->[:firebase_messaging] AndroidManifest.xml:20:17-78
133-->[:firebase_messaging] AndroidManifest.xml:20:25-75
134            </intent-filter>
135        </service>
136
137        <receiver
137-->[:firebase_messaging] AndroidManifest.xml:24:9-31:20
138            android:name="io.flutter.plugins.firebase.messaging.FlutterFirebaseMessagingReceiver"
138-->[:firebase_messaging] AndroidManifest.xml:25:13-98
139            android:exported="true"
139-->[:firebase_messaging] AndroidManifest.xml:26:13-36
140            android:permission="com.google.android.c2dm.permission.SEND" >
140-->[:firebase_messaging] AndroidManifest.xml:27:13-73
141            <intent-filter>
141-->[:firebase_messaging] AndroidManifest.xml:28:13-30:29
142                <action android:name="com.google.android.c2dm.intent.RECEIVE" />
142-->[:firebase_messaging] AndroidManifest.xml:29:17-81
142-->[:firebase_messaging] AndroidManifest.xml:29:25-78
143            </intent-filter>
144        </receiver>
145
146        <provider
146-->[:firebase_messaging] AndroidManifest.xml:39:9-43:38
147            android:name="io.flutter.plugins.firebase.messaging.FlutterFirebaseMessagingInitProvider"
147-->[:firebase_messaging] AndroidManifest.xml:40:13-102
148            android:authorities="com.kzn.chitcute.flutterfirebasemessaginginitprovider"
148-->[:firebase_messaging] AndroidManifest.xml:41:13-88
149            android:exported="false"
149-->[:firebase_messaging] AndroidManifest.xml:42:13-37
150            android:initOrder="99" />
150-->[:firebase_messaging] AndroidManifest.xml:43:13-35
151        <provider
151-->[:image_picker] AndroidManifest.xml:8:9-16:20
152            android:name="io.flutter.plugins.imagepicker.ImagePickerFileProvider"
152-->[:image_picker] AndroidManifest.xml:9:13-82
153            android:authorities="com.kzn.chitcute.flutter.image_provider"
153-->[:image_picker] AndroidManifest.xml:10:13-74
154            android:exported="false"
154-->[:image_picker] AndroidManifest.xml:11:13-37
155            android:grantUriPermissions="true" >
155-->[:image_picker] AndroidManifest.xml:12:13-47
156            <meta-data
156-->[:image_picker] AndroidManifest.xml:13:13-15:75
157                android:name="android.support.FILE_PROVIDER_PATHS"
157-->[:image_picker] AndroidManifest.xml:14:17-67
158                android:resource="@xml/flutter_image_picker_file_paths" />
158-->[:image_picker] AndroidManifest.xml:15:17-72
159        </provider>
160
161        <receiver
161-->[:flutter_local_notifications] AndroidManifest.xml:13:9-15:40
162            android:name="com.dexterous.flutterlocalnotifications.ScheduledNotificationReceiver"
162-->[:flutter_local_notifications] AndroidManifest.xml:14:13-97
163            android:exported="false" />
163-->[:flutter_local_notifications] AndroidManifest.xml:15:13-37
164        <receiver
164-->[:flutter_local_notifications] AndroidManifest.xml:16:9-25:20
165            android:name="com.dexterous.flutterlocalnotifications.ScheduledNotificationBootReceiver"
165-->[:flutter_local_notifications] AndroidManifest.xml:17:13-101
166            android:exported="false" >
166-->[:flutter_local_notifications] AndroidManifest.xml:18:13-37
167            <intent-filter>
167-->[:flutter_local_notifications] AndroidManifest.xml:19:13-24:29
168                <action android:name="android.intent.action.BOOT_COMPLETED" />
168-->[:flutter_local_notifications] AndroidManifest.xml:20:17-79
168-->[:flutter_local_notifications] AndroidManifest.xml:20:25-76
169                <action android:name="android.intent.action.MY_PACKAGE_REPLACED" />
169-->[:flutter_local_notifications] AndroidManifest.xml:21:17-84
169-->[:flutter_local_notifications] AndroidManifest.xml:21:25-81
170                <action android:name="android.intent.action.QUICKBOOT_POWERON" />
170-->[:flutter_local_notifications] AndroidManifest.xml:22:17-82
170-->[:flutter_local_notifications] AndroidManifest.xml:22:25-79
171                <action android:name="com.htc.intent.action.QUICKBOOT_POWERON" />
171-->[:flutter_local_notifications] AndroidManifest.xml:23:17-82
171-->[:flutter_local_notifications] AndroidManifest.xml:23:25-79
172            </intent-filter>
173        </receiver>
174
175        <activity
175-->[:url_launcher] AndroidManifest.xml:8:9-11:74
176            android:name="io.flutter.plugins.urllauncher.WebViewActivity"
176-->[:url_launcher] AndroidManifest.xml:9:13-74
177            android:exported="false"
177-->[:url_launcher] AndroidManifest.xml:10:13-37
178            android:theme="@android:style/Theme.NoTitleBar.Fullscreen" />
178-->[:url_launcher] AndroidManifest.xml:11:13-71
179
180        <receiver
180-->[com.google.firebase:firebase-messaging:23.0.0] AndroidManifest.xml:28:9-35:20
181            android:name="com.google.firebase.iid.FirebaseInstanceIdReceiver"
181-->[com.google.firebase:firebase-messaging:23.0.0] AndroidManifest.xml:29:13-78
182            android:exported="true"
182-->[com.google.firebase:firebase-messaging:23.0.0] AndroidManifest.xml:30:13-36
183            android:permission="com.google.android.c2dm.permission.SEND" >
183-->[com.google.firebase:firebase-messaging:23.0.0] AndroidManifest.xml:31:13-73
184            <intent-filter>
184-->[:firebase_messaging] AndroidManifest.xml:28:13-30:29
185                <action android:name="com.google.android.c2dm.intent.RECEIVE" />
185-->[:firebase_messaging] AndroidManifest.xml:29:17-81
185-->[:firebase_messaging] AndroidManifest.xml:29:25-78
186            </intent-filter>
187        </receiver>
188        <!--
189             FirebaseMessagingService performs security checks at runtime,
190             but set to not exported to explicitly avoid allowing another app to call it.
191        -->
192        <service
192-->[com.google.firebase:firebase-messaging:23.0.0] AndroidManifest.xml:41:9-48:19
193            android:name="com.google.firebase.messaging.FirebaseMessagingService"
193-->[com.google.firebase:firebase-messaging:23.0.0] AndroidManifest.xml:42:13-82
194            android:directBootAware="true"
194-->[com.google.firebase:firebase-messaging:23.0.0] AndroidManifest.xml:43:13-43
195            android:exported="false" >
195-->[com.google.firebase:firebase-messaging:23.0.0] AndroidManifest.xml:44:13-37
196            <intent-filter android:priority="-500" >
196-->[:firebase_messaging] AndroidManifest.xml:19:13-21:29
197                <action android:name="com.google.firebase.MESSAGING_EVENT" />
197-->[:firebase_messaging] AndroidManifest.xml:20:17-78
197-->[:firebase_messaging] AndroidManifest.xml:20:25-75
198            </intent-filter>
199        </service>
200        <service
200-->[com.google.android.datatransport:transport-backend-cct:3.1.0] AndroidManifest.xml:29:9-35:19
201            android:name="com.google.android.datatransport.runtime.backends.TransportBackendDiscovery"
201-->[com.google.android.datatransport:transport-backend-cct:3.1.0] AndroidManifest.xml:30:13-103
202            android:exported="false" >
202-->[com.google.android.datatransport:transport-backend-cct:3.1.0] AndroidManifest.xml:31:13-37
203            <meta-data
203-->[com.google.android.datatransport:transport-backend-cct:3.1.0] AndroidManifest.xml:32:13-34:39
204                android:name="backend:com.google.android.datatransport.cct.CctBackendFactory"
204-->[com.google.android.datatransport:transport-backend-cct:3.1.0] AndroidManifest.xml:33:17-94
205                android:value="cct" />
205-->[com.google.android.datatransport:transport-backend-cct:3.1.0] AndroidManifest.xml:34:17-36
206        </service>
207        <service
207-->[com.google.android.datatransport:transport-runtime:3.1.0] AndroidManifest.xml:26:9-30:19
208            android:name="com.google.android.datatransport.runtime.scheduling.jobscheduling.JobInfoSchedulerService"
208-->[com.google.android.datatransport:transport-runtime:3.1.0] AndroidManifest.xml:27:13-117
209            android:exported="false"
209-->[com.google.android.datatransport:transport-runtime:3.1.0] AndroidManifest.xml:28:13-37
210            android:permission="android.permission.BIND_JOB_SERVICE" >
210-->[com.google.android.datatransport:transport-runtime:3.1.0] AndroidManifest.xml:29:13-69
211        </service>
212
213        <receiver
213-->[com.google.android.datatransport:transport-runtime:3.1.0] AndroidManifest.xml:32:9-34:40
214            android:name="com.google.android.datatransport.runtime.scheduling.jobscheduling.AlarmManagerSchedulerBroadcastReceiver"
214-->[com.google.android.datatransport:transport-runtime:3.1.0] AndroidManifest.xml:33:13-132
215            android:exported="false" />
215-->[com.google.android.datatransport:transport-runtime:3.1.0] AndroidManifest.xml:34:13-37
216
217        <activity
217-->[com.google.firebase:firebase-auth:21.0.1] AndroidManifest.xml:27:9-44:20
218            android:name="com.google.firebase.auth.internal.GenericIdpActivity"
218-->[com.google.firebase:firebase-auth:21.0.1] AndroidManifest.xml:28:13-80
219            android:excludeFromRecents="true"
219-->[com.google.firebase:firebase-auth:21.0.1] AndroidManifest.xml:29:13-46
220            android:exported="true"
220-->[com.google.firebase:firebase-auth:21.0.1] AndroidManifest.xml:30:13-36
221            android:launchMode="singleTask"
221-->[com.google.firebase:firebase-auth:21.0.1] AndroidManifest.xml:31:13-44
222            android:theme="@android:style/Theme.Translucent.NoTitleBar" >
222-->[com.google.firebase:firebase-auth:21.0.1] AndroidManifest.xml:32:13-72
223            <intent-filter>
223-->[com.google.firebase:firebase-auth:21.0.1] AndroidManifest.xml:33:13-43:29
224                <action android:name="android.intent.action.VIEW" />
224-->[com.google.firebase:firebase-inappmessaging-display:20.1.1] AndroidManifest.xml:16:13-65
224-->[com.google.firebase:firebase-inappmessaging-display:20.1.1] AndroidManifest.xml:16:21-62
225
226                <category android:name="android.intent.category.DEFAULT" />
226-->[com.google.firebase:firebase-auth:21.0.1] AndroidManifest.xml:36:17-76
226-->[com.google.firebase:firebase-auth:21.0.1] AndroidManifest.xml:36:27-73
227                <category android:name="android.intent.category.BROWSABLE" />
227-->[com.google.firebase:firebase-auth:21.0.1] AndroidManifest.xml:37:17-78
227-->[com.google.firebase:firebase-auth:21.0.1] AndroidManifest.xml:37:27-75
228
229                <data
229-->[com.google.firebase:firebase-inappmessaging-display:20.1.1] AndroidManifest.xml:18:13-44
230                    android:host="firebase.auth"
231                    android:path="/"
232                    android:scheme="genericidp" />
232-->[com.google.firebase:firebase-inappmessaging-display:20.1.1] AndroidManifest.xml:18:19-41
233            </intent-filter>
234        </activity>
235        <activity
235-->[com.google.firebase:firebase-auth:21.0.1] AndroidManifest.xml:45:9-62:20
236            android:name="com.google.firebase.auth.internal.RecaptchaActivity"
236-->[com.google.firebase:firebase-auth:21.0.1] AndroidManifest.xml:46:13-79
237            android:excludeFromRecents="true"
237-->[com.google.firebase:firebase-auth:21.0.1] AndroidManifest.xml:47:13-46
238            android:exported="true"
238-->[com.google.firebase:firebase-auth:21.0.1] AndroidManifest.xml:48:13-36
239            android:launchMode="singleTask"
239-->[com.google.firebase:firebase-auth:21.0.1] AndroidManifest.xml:49:13-44
240            android:theme="@android:style/Theme.Translucent.NoTitleBar" >
240-->[com.google.firebase:firebase-auth:21.0.1] AndroidManifest.xml:50:13-72
241            <intent-filter>
241-->[com.google.firebase:firebase-auth:21.0.1] AndroidManifest.xml:51:13-61:29
242                <action android:name="android.intent.action.VIEW" />
242-->[com.google.firebase:firebase-inappmessaging-display:20.1.1] AndroidManifest.xml:16:13-65
242-->[com.google.firebase:firebase-inappmessaging-display:20.1.1] AndroidManifest.xml:16:21-62
243
244                <category android:name="android.intent.category.DEFAULT" />
244-->[com.google.firebase:firebase-auth:21.0.1] AndroidManifest.xml:36:17-76
244-->[com.google.firebase:firebase-auth:21.0.1] AndroidManifest.xml:36:27-73
245                <category android:name="android.intent.category.BROWSABLE" />
245-->[com.google.firebase:firebase-auth:21.0.1] AndroidManifest.xml:37:17-78
245-->[com.google.firebase:firebase-auth:21.0.1] AndroidManifest.xml:37:27-75
246
247                <data
247-->[com.google.firebase:firebase-inappmessaging-display:20.1.1] AndroidManifest.xml:18:13-44
248                    android:host="firebase.auth"
249                    android:path="/"
250                    android:scheme="recaptcha" />
250-->[com.google.firebase:firebase-inappmessaging-display:20.1.1] AndroidManifest.xml:18:19-41
251            </intent-filter>
252        </activity>
253
254        <service
254-->[com.google.firebase:firebase-auth:21.0.1] AndroidManifest.xml:64:9-73:19
255            android:name="com.google.firebase.auth.api.fallback.service.FirebaseAuthFallbackService"
255-->[com.google.firebase:firebase-auth:21.0.1] AndroidManifest.xml:65:13-101
256            android:enabled="true"
256-->[com.google.firebase:firebase-auth:21.0.1] AndroidManifest.xml:66:13-35
257            android:exported="false" >
257-->[com.google.firebase:firebase-auth:21.0.1] AndroidManifest.xml:67:13-37
258            <intent-filter>
258-->[com.google.firebase:firebase-auth:21.0.1] AndroidManifest.xml:68:13-72:29
259                <action android:name="com.google.firebase.auth.api.gms.service.START" />
259-->[com.google.firebase:firebase-auth:21.0.1] AndroidManifest.xml:69:17-89
259-->[com.google.firebase:firebase-auth:21.0.1] AndroidManifest.xml:69:25-86
260
261                <category android:name="android.intent.category.DEFAULT" />
261-->[com.google.firebase:firebase-auth:21.0.1] AndroidManifest.xml:36:17-76
261-->[com.google.firebase:firebase-auth:21.0.1] AndroidManifest.xml:36:27-73
262            </intent-filter>
263        </service>
264
265        <provider
265-->[com.google.firebase:firebase-common:20.0.0] AndroidManifest.xml:26:9-31:39
266            android:name="com.google.firebase.provider.FirebaseInitProvider"
266-->[com.google.firebase:firebase-common:20.0.0] AndroidManifest.xml:27:13-77
267            android:authorities="com.kzn.chitcute.firebaseinitprovider"
267-->[com.google.firebase:firebase-common:20.0.0] AndroidManifest.xml:28:13-72
268            android:directBootAware="true"
268-->[com.google.firebase:firebase-common:20.0.0] AndroidManifest.xml:29:13-43
269            android:exported="false"
269-->[com.google.firebase:firebase-common:20.0.0] AndroidManifest.xml:30:13-37
270            android:initOrder="100" />
270-->[com.google.firebase:firebase-common:20.0.0] AndroidManifest.xml:31:13-36
271
272        <activity
272-->[com.google.android.gms:play-services-base:17.1.0] AndroidManifest.xml:23:9-26:75
273            android:name="com.google.android.gms.common.api.GoogleApiActivity"